0 info it worked if it ends with ok
1 verbose cli [ 'C:\\Program Files\\nodejs\\node.exe',
1 verbose cli   'C:\\Users\\msmith\\AppData\\Roaming\\npm\\node_modules\\npm\\bin\\npm-cli.js',
1 verbose cli   'start' ]
2 info using npm@3.10.5
3 info using node@v10.0.0
4 verbose run-script [ 'prestart', 'start', 'poststart' ]
5 info lifecycle webpack-react-quickstart@1.0.0~prestart: webpack-react-quickstart@1.0.0
6 silly lifecycle webpack-react-quickstart@1.0.0~prestart: no script for prestart, continuing
7 info lifecycle webpack-react-quickstart@1.0.0~start: webpack-react-quickstart@1.0.0
8 verbose lifecycle webpack-react-quickstart@1.0.0~start: unsafe-perm in lifecycle true
9 verbose lifecycle webpack-react-quickstart@1.0.0~start: PATH: C:\Users\msmith\AppData\Roaming\npm\node_modules\npm\bin\node-gyp-bin;C:\Users\msmith\Code\Sandbox\webpack-react-quickstart\node_modules\.bin;C:\Program Files\nodejs;C:\Users\msmith\AppData\Local\CMDER\cmder\bin;C:\Users\msmith\AppData\Local\CMDER\cmder\vendor\conemu-maximus5\ConEmu\Scripts;C:\Users\msmith\AppData\Local\CMDER\cmder\vendor\conemu-maximus5;C:\Users\msmith\AppData\Local\CMDER\cmder\vendor\conemu-maximus5\ConEmu;C:\Program Files (x86)\Common Files\Intel\Shared Libraries\redist\intel64\compiler;c:\program files (x86)\graphicsmagick;C:\Windows\system32;C:\Windows;C:\Windows\System32\Wbem;C:\Windows\System32\WindowsPowerShell\v1.0\;C:\Program Files (x86)\NVIDIA Corporation\PhysX\Common;C:\WINDOWS\system32;C:\WINDOWS;C:\WINDOWS\System32\Wbem;C:\WINDOWS\System32\WindowsPowerShell\v1.0\;C:\Program Files\nodejs\;C:\Users\msmith\AppData\Local\Programs\Git\cmd;C:\Users\msmith\AppData\Local\atom\bin;C:\Users\msmith\AppData\Local\Microsoft\WindowsApps;C:\Users\msmith\AppData\Roaming\npm;C:\Users\msmith\AppData\Local\Programs\Git\usr\bin;C:\Users\msmith\AppData\Local\Programs\Git\usr\share\vim\vim74;C:\Users\msmith\AppData\Local\CMDER\cmder\
10 verbose lifecycle webpack-react-quickstart@1.0.0~start: CWD: C:\Users\msmith\Code\Sandbox\webpack-react-quickstart
11 silly lifecycle webpack-react-quickstart@1.0.0~start: Args: [ '/d /s /c', 'webpack-dev-server' ]
12 silly lifecycle webpack-react-quickstart@1.0.0~start: Returned: code: 1  signal: null
13 info lifecycle webpack-react-quickstart@1.0.0~start: Failed to exec start script
14 verbose stack Error: webpack-react-quickstart@1.0.0 start: `webpack-dev-server`
14 verbose stack Exit status 1
14 verbose stack     at EventEmitter.<anonymous> (C:\Users\msmith\AppData\Roaming\npm\node_modules\npm\lib\utils\lifecycle.js:242:16)
14 verbose stack     at EventEmitter.emit (events.js:182:13)
14 verbose stack     at ChildProcess.<anonymous> (C:\Users\msmith\AppData\Roaming\npm\node_modules\npm\lib\utils\spawn.js:40:14)
14 verbose stack     at ChildProcess.emit (events.js:182:13)
14 verbose stack     at maybeClose (internal/child_process.js:947:16)
14 verbose stack     at Process.ChildProcess._handle.onexit (internal/child_process.js:236:5)
15 verbose pkgid webpack-react-quickstart@1.0.0
16 verbose cwd C:\Users\msmith\Code\Sandbox\webpack-react-quickstart
17 error Windows_NT 10.0.16299
18 error argv "C:\\Program Files\\nodejs\\node.exe" "C:\\Users\\msmith\\AppData\\Roaming\\npm\\node_modules\\npm\\bin\\npm-cli.js" "start"
19 error node v10.0.0
20 error npm  v3.10.5
21 error code ELIFECYCLE
22 error webpack-react-quickstart@1.0.0 start: `webpack-dev-server`
22 error Exit status 1
23 error Failed at the webpack-react-quickstart@1.0.0 start script 'webpack-dev-server'.
23 error Make sure you have the latest version of node.js and npm installed.
23 error If you do, this is most likely a problem with the webpack-react-quickstart package,
23 error not with npm itself.
23 error Tell the author that this fails on your system:
23 error     webpack-dev-server
23 error You can get information on how to open an issue for this project with:
23 error     npm bugs webpack-react-quickstart
23 error Or if that isn't available, you can get their info via:
23 error     npm owner ls webpack-react-quickstart
23 error There is likely additional logging output above.
24 verbose exit [ 1, true ]
